<?xml version="1.0" encoding="UTF-8"?>
<!-- Generated by org.testng.reporters.JUnitXMLReporter -->
<testsuite ignored="0" hostname="LAPTOP-QKCURUKN" failures="5" tests="27" name="Test" time="481.982" errors="0" timestamp="2024-08-23T21:43:29 IST">
  <testcase classname="com.quantum.Homepage" name="HomepageVisibility" time="1.516"/>
  <testcase classname="com.quantum.Homepage" name="testActiveLinkStyle" time="40.484">
    <failure type="org.openqa.selenium.NoSuchElementException" message="no such element: Unable to locate element: {&amp;quot;method&amp;quot;:&amp;quot;link text&amp;quot;,&amp;quot;selector&amp;quot;:&amp;quot;Home&amp;quot;}
  (Session info: chrome=127.0.6533.120)
For documentation on this error, please visit: https://www.seleniumhq.org/exceptions/no_such_element.html
Build info: version: &amp;apos;3.141.59&amp;apos;, revision: &amp;apos;e82be7d358&amp;apos;, time: &amp;apos;2018-11-14T08:25:53&amp;apos;
System info: host: &amp;apos;LAPTOP-QKCURUKN&amp;apos;, ip: &amp;apos;192.168.1.10&amp;apos;, os.name: &amp;apos;Windows 11&amp;apos;, os.arch: &amp;apos;amd64&amp;apos;, os.version: &amp;apos;10.0&amp;apos;, java.version: &amp;apos;21.0.2&amp;apos;
Driver info: org.openqa.selenium.chrome.ChromeDriver
Capabilities {acceptInsecureCerts: false, browserName: chrome, browserVersion: 127.0.6533.120, chrome: {chromedriverVersion: 127.0.6533.99 (f31af5097d90..., userDataDir: C:\Users\SAURABH\AppData\Lo...}, fedcm:accounts: true, goog:chromeOptions: {debuggerAddress: localhost:59652}, javascriptEnabled: true, networkConnectionEnabled: false, pageLoadStrategy: normal, platform: WINDOWS, platformName: WINDOWS, proxy: Proxy(), setWindowRect: true, strictFileInteractability: false, timeouts: {implicit: 0, pageLoad: 300000, script: 30000}, unhandledPromptBehavior: dismiss and notify, webauthn:extension:credBlob: true, webauthn:extension:largeBlob: true, webauthn:extension:minPinLength: true, webauthn:extension:prf: true, webauthn:virtualAuthenticators: true}
Session ID: dfb244f9b3d66819a6673ad29a6f2b02
*** Element info: {Using=link text, value=Home}">
      <![CDATA[org.openqa.selenium.NoSuchElementException: no such element: Unable to locate element: {"method":"link text","selector":"Home"}
  (Session info: chrome=127.0.6533.120)
For documentation on this error, please visit: https://www.seleniumhq.org/exceptions/no_such_element.html
Build info: version: '3.141.59', revision: 'e82be7d358', time: '2018-11-14T08:25:53'
System info: host: 'LAPTOP-QKCURUKN', ip: '192.168.1.10', os.name: 'Windows 11', os.arch: 'amd64', os.version: '10.0', java.version: '21.0.2'
Driver info: org.openqa.selenium.chrome.ChromeDriver
Capabilities {acceptInsecureCerts: false, browserName: chrome, browserVersion: 127.0.6533.120, chrome: {chromedriverVersion: 127.0.6533.99 (f31af5097d90..., userDataDir: C:\Users\SAURABH\AppData\Lo...}, fedcm:accounts: true, goog:chromeOptions: {debuggerAddress: localhost:59652}, javascriptEnabled: true, networkConnectionEnabled: false, pageLoadStrategy: normal, platform: WINDOWS, platformName: WINDOWS, proxy: Proxy(), setWindowRect: true, strictFileInteractability: false, timeouts: {implicit: 0, pageLoad: 300000, script: 30000}, unhandledPromptBehavior: dismiss and notify, webauthn:extension:credBlob: true, webauthn:extension:largeBlob: true, webauthn:extension:minPinLength: true, webauthn:extension:prf: true, webauthn:virtualAuthenticators: true}
Session ID: dfb244f9b3d66819a6673ad29a6f2b02
*** Element info: {Using=link text, value=Home}
at org.openqa.selenium.remote.http.W3CHttpResponseCodec.createException(W3CHttpResponseCodec.java:187)
at org.openqa.selenium.remote.http.W3CHttpResponseCodec.decode(W3CHttpResponseCodec.java:122)
at org.openqa.selenium.remote.http.W3CHttpResponseCodec.decode(W3CHttpResponseCodec.java:49)
at org.openqa.selenium.remote.HttpCommandExecutor.execute(HttpCommandExecutor.java:158)
at org.openqa.selenium.remote.service.DriverCommandExecutor.execute(DriverCommandExecutor.java:83)
at org.openqa.selenium.remote.RemoteWebDriver.execute(RemoteWebDriver.java:552)
at org.openqa.selenium.remote.RemoteWebDriver.findElement(RemoteWebDriver.java:323)
at org.openqa.selenium.remote.RemoteWebDriver.findElementByLinkText(RemoteWebDriver.java:380)
at org.openqa.selenium.By$ByLinkText.findElement(By.java:220)
at org.openqa.selenium.remote.RemoteWebDriver.findElement(RemoteWebDriver.java:315)
at com.quantum.Homepage.testActiveLinkStyle(Homepage.java:141)
at java.base/java.util.ArrayList.forEach(ArrayList.java:1596)
... Removed 28 stack frames]]>
    </failure>
  </testcase> <!-- testActiveLinkStyle -->
  <testcase classname="com.quantum.Homepage" name="testAddProductsLink" time="39.963">
    <failure type="org.openqa.selenium.NoSuchElementException" message="no such element: Unable to locate element: {&amp;quot;method&amp;quot;:&amp;quot;link text&amp;quot;,&amp;quot;selector&amp;quot;:&amp;quot;Add Products&amp;quot;}
  (Session info: chrome=127.0.6533.120)
For documentation on this error, please visit: https://www.seleniumhq.org/exceptions/no_such_element.html
Build info: version: &amp;apos;3.141.59&amp;apos;, revision: &amp;apos;e82be7d358&amp;apos;, time: &amp;apos;2018-11-14T08:25:53&amp;apos;
System info: host: &amp;apos;LAPTOP-QKCURUKN&amp;apos;, ip: &amp;apos;192.168.1.10&amp;apos;, os.name: &amp;apos;Windows 11&amp;apos;, os.arch: &amp;apos;amd64&amp;apos;, os.version: &amp;apos;10.0&amp;apos;, java.version: &amp;apos;21.0.2&amp;apos;
Driver info: org.openqa.selenium.chrome.ChromeDriver
Capabilities {acceptInsecureCerts: false, browserName: chrome, browserVersion: 127.0.6533.120, chrome: {chromedriverVersion: 127.0.6533.99 (f31af5097d90..., userDataDir: C:\Users\SAURABH\AppData\Lo...}, fedcm:accounts: true, goog:chromeOptions: {debuggerAddress: localhost:59780}, javascriptEnabled: true, networkConnectionEnabled: false, pageLoadStrategy: normal, platform: WINDOWS, platformName: WINDOWS, proxy: Proxy(), setWindowRect: true, strictFileInteractability: false, timeouts: {implicit: 0, pageLoad: 300000, script: 30000}, unhandledPromptBehavior: dismiss and notify, webauthn:extension:credBlob: true, webauthn:extension:largeBlob: true, webauthn:extension:minPinLength: true, webauthn:extension:prf: true, webauthn:virtualAuthenticators: true}
Session ID: b7e14caf2960770eca3dd251fd2a09c3
*** Element info: {Using=link text, value=Add Products}">
      <![CDATA[org.openqa.selenium.NoSuchElementException: no such element: Unable to locate element: {"method":"link text","selector":"Add Products"}
  (Session info: chrome=127.0.6533.120)
For documentation on this error, please visit: https://www.seleniumhq.org/exceptions/no_such_element.html
Build info: version: '3.141.59', revision: 'e82be7d358', time: '2018-11-14T08:25:53'
System info: host: 'LAPTOP-QKCURUKN', ip: '192.168.1.10', os.name: 'Windows 11', os.arch: 'amd64', os.version: '10.0', java.version: '21.0.2'
Driver info: org.openqa.selenium.chrome.ChromeDriver
Capabilities {acceptInsecureCerts: false, browserName: chrome, browserVersion: 127.0.6533.120, chrome: {chromedriverVersion: 127.0.6533.99 (f31af5097d90..., userDataDir: C:\Users\SAURABH\AppData\Lo...}, fedcm:accounts: true, goog:chromeOptions: {debuggerAddress: localhost:59780}, javascriptEnabled: true, networkConnectionEnabled: false, pageLoadStrategy: normal, platform: WINDOWS, platformName: WINDOWS, proxy: Proxy(), setWindowRect: true, strictFileInteractability: false, timeouts: {implicit: 0, pageLoad: 300000, script: 30000}, unhandledPromptBehavior: dismiss and notify, webauthn:extension:credBlob: true, webauthn:extension:largeBlob: true, webauthn:extension:minPinLength: true, webauthn:extension:prf: true, webauthn:virtualAuthenticators: true}
Session ID: b7e14caf2960770eca3dd251fd2a09c3
*** Element info: {Using=link text, value=Add Products}
at org.openqa.selenium.remote.http.W3CHttpResponseCodec.createException(W3CHttpResponseCodec.java:187)
at org.openqa.selenium.remote.http.W3CHttpResponseCodec.decode(W3CHttpResponseCodec.java:122)
at org.openqa.selenium.remote.http.W3CHttpResponseCodec.decode(W3CHttpResponseCodec.java:49)
at org.openqa.selenium.remote.HttpCommandExecutor.execute(HttpCommandExecutor.java:158)
at org.openqa.selenium.remote.service.DriverCommandExecutor.execute(DriverCommandExecutor.java:83)
at org.openqa.selenium.remote.RemoteWebDriver.execute(RemoteWebDriver.java:552)
at org.openqa.selenium.remote.RemoteWebDriver.findElement(RemoteWebDriver.java:323)
at org.openqa.selenium.remote.RemoteWebDriver.findElementByLinkText(RemoteWebDriver.java:380)
at org.openqa.selenium.By$ByLinkText.findElement(By.java:220)
at org.openqa.selenium.remote.RemoteWebDriver.findElement(RemoteWebDriver.java:315)
at com.quantum.Homepage.testAddProductsLink(Homepage.java:88)
at java.base/java.util.ArrayList.forEach(ArrayList.java:1596)
... Removed 28 stack frames]]>
    </failure>
  </testcase> <!-- testAddProductsLink -->
  <testcase classname="com.quantum.Homepage" name="testChatLinkIsDisplayed" time="41.068"/>
  <testcase classname="com.quantum.Homepage" name="testChatLinkRedirects" time="30.296"/>
  <testcase classname="com.quantum.Homepage" name="testContactLink" time="10.148"/>
  <testcase classname="com.quantum.Homepage" name="testHomeLink" time="3.602"/>
  <testcase classname="com.quantum.Homepage" name="testNotificationCountIsDisplayed" time="30.0"/>
  <testcase classname="com.quantum.Homepage" name="testProfileIconIsDisplayed" time="19.972"/>
  <testcase classname="com.quantum.Homepage" name="testProfileLinkIsDisplayed" time="20.004"/>
  <testcase classname="com.quantum.Homepage" name="testProfileLinkRedirects" time="30.321"/>
  <testcase classname="com.quantum.Homepage" name="testWishListLink" time="10.114"/>
  <testcase classname="com.quantum.LoginTestCases" name="testHomeLinkIsDisplayed" time="3.124"/>
  <testcase classname="com.quantum.LoginTestCases" name="testSignupLinkIsDisplayed" time="6.105"/>
  <testcase classname="com.quantum.LoginTestCases" name="testLoginLinkNavigatesToLoginPage" time="9.261"/>
  <testcase classname="com.quantum.LoginTestCases" name="testSignupLinkNavigatesToSignupPage" time="9.194"/>
  <testcase classname="com.quantum.LoginTestCases" name="testPageTitle" time="6.021">
    <failure type="java.lang.AssertionError" message="Cannatrader expected:&amp;lt;Cannatrader&amp;gt; but was:&amp;lt;Page title does not match!&amp;gt;">
      <![CDATA[java.lang.AssertionError: Cannatrader expected:<Cannatrader> but was:<Page title does not match!>
at com.quantum.LoginTestCases.testPageTitle(LoginTestCases.java:84)
at java.base/java.util.ArrayList.forEach(ArrayList.java:1596)
... Removed 26 stack frames]]>
    </failure>
  </testcase> <!-- testPageTitle -->
  <testcase classname="com.quantum.LoginTestCases" name="testEmailFieldPresence" time="0.376"/>
  <testcase classname="com.quantum.LoginTestCases" name="testPasswordFieldPresence" time="0.466"/>
  <testcase classname="com.quantum.LoginTestCases" name="testForgotPasswordLink" time="0.387"/>
  <testcase classname="com.quantum.LoginTestCases" name="testSignUpLink" time="0.304"/>
  <testcase classname="com.quantum.LoginTestCases" name="testEmailFieldAcceptsInput" time="3.714">
    <failure type="java.lang.AssertionError" message="test@example.com expected:&amp;lt;test@example.com&amp;gt; but was:&amp;lt;Email input is not accepted!&amp;gt;">
      <![CDATA[java.lang.AssertionError: test@example.com expected:<test@example.com> but was:<Email input is not accepted!>
at com.quantum.LoginTestCases.testEmailFieldAcceptsInput(LoginTestCases.java:129)
at java.base/java.util.ArrayList.forEach(ArrayList.java:1596)
... Removed 26 stack frames]]>
    </failure>
  </testcase> <!-- testEmailFieldAcceptsInput -->
  <testcase classname="com.quantum.LoginTestCases" name="testPasswordFieldAcceptsInput" time="3.526">
    <failure type="java.lang.AssertionError" message="password123 expected:&amp;lt;password123&amp;gt; but was:&amp;lt;Password input is not accepted!&amp;gt;">
      <![CDATA[java.lang.AssertionError: password123 expected:<password123> but was:<Password input is not accepted!>
at com.quantum.LoginTestCases.testPasswordFieldAcceptsInput(LoginTestCases.java:140)
at java.base/java.util.ArrayList.forEach(ArrayList.java:1596)
... Removed 26 stack frames]]>
    </failure>
  </testcase> <!-- testPasswordFieldAcceptsInput -->
  <testcase classname="com.quantum.LoginTestCases" name="testEmailFieldPlaceholder" time="0.296"/>
  <testcase classname="com.quantum.LoginTestCases" name="testPasswordFieldPlaceholder" time="0.499"/>
  <testcase classname="com.quantum.LoginTestCases" name="Loginwithinvalidcred" time="6.937"/>
  <testcase classname="com.quantum.LoginTestCases" name="SuccessfulLogin" time="13.369"/>
</testsuite> <!-- Test -->
