<!DOCTYPE html PUBLIC "-//W3C//DTD XHTML 1.1//EN" "https://www.w3.org/TR/xhtml11/DTD/xhtml11.dtd">
<html xmlns="https://www.w3.org/1999/xhtml">
<head>
<meta http-equiv="content-type" content="text/html; charset=UTF-8"/>
<title>TestNG Report</title>
<style type="text/css">table {margin-bottom:10px;border-collapse:collapse;empty-cells:show}th,td {border:1px solid #009;padding:.25em .5em}th {vertical-align:bottom}td {vertical-align:top}table a {font-weight:bold}.stripe td {background-color: #E6EBF9}.num {text-align:right}.passedodd td {background-color: #3F3}.passedeven td {background-color: #0A0}.skippedodd td {background-color: #DDD}.skippedeven td {background-color: #CCC}.failedodd td,.attn {background-color: #F33}.failedeven td,.stripe .attn {background-color: #D00}.stacktrace {white-space:pre;font-family:monospace}.totop {font-size:85%;text-align:center;border-bottom:2px solid #000}.invisible {display:none}</style>
</head>
<body>
<table>
<tr><th>Test</th><th># Passed</th><th># Skipped</th><th># Retried</th><th># Failed</th><th>Time (ms)</th><th>Included Groups</th><th>Excluded Groups</th></tr>
<tr><th colspan="8">Suite</th></tr>
<tr><td><a href="#t0">Test</a></td><td class="num">22</td><td class="num">0</td><td class="num">0</td><td class="num attn">5</td><td class="num">481,982</td><td></td><td></td></tr>
</table>
<table id='summary'><thead><tr><th>Class</th><th>Method</th><th>Start</th><th>Time (ms)</th></tr></thead><tbody><tr><th colspan="4">Suite</th></tr></tbody><tbody id="t0"><tr><th colspan="4">Test &#8212; failed</th></tr><tr class="failedeven"><td rowspan="2">com.quantum.Homepage</td><td><a href="#m0">testActiveLinkStyle</a></td><td rowspan="1">1724429143550</td><td rowspan="1">40484</td></tr><tr class="failedeven"><td><a href="#m1">testAddProductsLink</a></td><td rowspan="1">1724429188831</td><td rowspan="1">39963</td></tr><tr class="failedodd"><td rowspan="3">com.quantum.LoginTestCases</td><td><a href="#m2">testEmailFieldAcceptsInput</a></td><td rowspan="1">1724429551205</td><td rowspan="1">3714</td></tr><tr class="failedodd"><td><a href="#m3">testPageTitle</a></td><td rowspan="1">1724429521965</td><td rowspan="1">6021</td></tr><tr class="failedodd"><td><a href="#m4">testPasswordFieldAcceptsInput</a></td><td rowspan="1">1724429562820</td><td rowspan="1">3526</td></tr><tr><th colspan="4">Test &#8212; passed</th></tr><tr class="passedeven"><td rowspan="10">com.quantum.Homepage</td><td><a href="#m5">HomepageVisibility</a></td><td rowspan="1">1724429135860</td><td rowspan="1">1516</td></tr><tr class="passedeven"><td><a href="#m6">testChatLinkIsDisplayed</a></td><td rowspan="1">1724429231698</td><td rowspan="1">41068</td></tr><tr class="passedeven"><td><a href="#m7">testChatLinkRedirects</a></td><td rowspan="1">1724429276633</td><td rowspan="1">30296</td></tr><tr class="passedeven"><td><a href="#m8">testContactLink</a></td><td rowspan="1">1724429311833</td><td rowspan="1">10148</td></tr><tr class="passedeven"><td><a href="#m9">testHomeLink</a></td><td rowspan="1">1724429325446</td><td rowspan="1">3602</td></tr><tr class="passedeven"><td><a href="#m10">testNotificationCountIsDisplayed</a></td><td rowspan="1">1724429333318</td><td rowspan="1">30000</td></tr><tr class="passedeven"><td><a href="#m11">testProfileIconIsDisplayed</a></td><td rowspan="1">1724429366756</td><td rowspan="1">19972</td></tr><tr class="passedeven"><td><a href="#m12">testProfileLinkIsDisplayed</a></td><td rowspan="1">1724429391995</td><td rowspan="1">20004</td></tr><tr class="passedeven"><td><a href="#m13">testProfileLinkRedirects</a></td><td rowspan="1">1724429416019</td><td rowspan="1">30321</td></tr><tr class="passedeven"><td><a href="#m14">testWishListLink</a></td><td rowspan="1">1724429452131</td><td rowspan="1">10114</td></tr><tr class="passedodd"><td rowspan="12">com.quantum.LoginTestCases</td><td><a href="#m15">Loginwithinvalidcred</a></td><td rowspan="1">1724429583257</td><td rowspan="1">6937</td></tr><tr class="passedodd"><td><a href="#m16">SuccessfulLogin</a></td><td rowspan="1">1724429593807</td><td rowspan="1">13369</td></tr><tr class="passedodd"><td><a href="#m17">testEmailFieldPlaceholder</a></td><td rowspan="1">1724429572297</td><td rowspan="1">296</td></tr><tr class="passedodd"><td><a href="#m18">testEmailFieldPresence</a></td><td rowspan="1">1724429531919</td><td rowspan="1">376</td></tr><tr class="passedodd"><td><a href="#m19">testForgotPasswordLink</a></td><td rowspan="1">1724429541137</td><td rowspan="1">387</td></tr><tr class="passedodd"><td><a href="#m20">testHomeLinkIsDisplayed</a></td><td rowspan="1">1724429472008</td><td rowspan="1">3124</td></tr><tr class="passedodd"><td><a href="#m21">testLoginLinkNavigatesToLoginPage</a></td><td rowspan="1">1724429493884</td><td rowspan="1">9261</td></tr><tr class="passedodd"><td><a href="#m22">testPasswordFieldPlaceholder</a></td><td rowspan="1">1724429577297</td><td rowspan="1">499</td></tr><tr class="passedodd"><td><a href="#m23">testPasswordFieldPresence</a></td><td rowspan="1">1724429535367</td><td rowspan="1">466</td></tr><tr class="passedodd"><td><a href="#m24">testSignUpLink</a></td><td rowspan="1">1724429545131</td><td rowspan="1">304</td></tr><tr class="passedodd"><td><a href="#m25">testSignupLinkIsDisplayed</a></td><td rowspan="1">1724429482574</td><td rowspan="1">6105</td></tr><tr class="passedodd"><td><a href="#m26">testSignupLinkNavigatesToSignupPage</a></td><td rowspan="1">1724429507115</td><td rowspan="1">9194</td></tr></tbody>
</table>
<h2>Test</h2><h3 id="m0">com.quantum.Homepage#testActiveLinkStyle</h3><table class="result"><tr><th>Exception</th></tr><tr><td><div class="stacktrace">org.openqa.selenium.NoSuchElementException: no such element: Unable to locate element: {&quot;method&quot;:&quot;link text&quot;,&quot;selector&quot;:&quot;Home&quot;}
  (Session info: chrome=127.0.6533.120)
For documentation on this error, please visit: https://www.seleniumhq.org/exceptions/no_such_element.html
Build info: version: &apos;3.141.59&apos;, revision: &apos;e82be7d358&apos;, time: &apos;2018-11-14T08:25:53&apos;
System info: host: &apos;LAPTOP-QKCURUKN&apos;, ip: &apos;192.168.1.10&apos;, os.name: &apos;Windows 11&apos;, os.arch: &apos;amd64&apos;, os.version: &apos;10.0&apos;, java.version: &apos;21.0.2&apos;
Driver info: org.openqa.selenium.chrome.ChromeDriver
Capabilities {acceptInsecureCerts: false, browserName: chrome, browserVersion: 127.0.6533.120, chrome: {chromedriverVersion: 127.0.6533.99 (f31af5097d90..., userDataDir: C:\Users\SAURABH\AppData\Lo...}, fedcm:accounts: true, goog:chromeOptions: {debuggerAddress: localhost:59652}, javascriptEnabled: true, networkConnectionEnabled: false, pageLoadStrategy: normal, platform: WINDOWS, platformName: WINDOWS, proxy: Proxy(), setWindowRect: true, strictFileInteractability: false, timeouts: {implicit: 0, pageLoad: 300000, script: 30000}, unhandledPromptBehavior: dismiss and notify, webauthn:extension:credBlob: true, webauthn:extension:largeBlob: true, webauthn:extension:minPinLength: true, webauthn:extension:prf: true, webauthn:virtualAuthenticators: true}
Session ID: dfb244f9b3d66819a6673ad29a6f2b02
*** Element info: {Using=link text, value=Home}
	at org.openqa.selenium.remote.http.W3CHttpResponseCodec.createException(W3CHttpResponseCodec.java:187)
	at org.openqa.selenium.remote.http.W3CHttpResponseCodec.decode(W3CHttpResponseCodec.java:122)
	at org.openqa.selenium.remote.http.W3CHttpResponseCodec.decode(W3CHttpResponseCodec.java:49)
	at org.openqa.selenium.remote.HttpCommandExecutor.execute(HttpCommandExecutor.java:158)
	at org.openqa.selenium.remote.service.DriverCommandExecutor.execute(DriverCommandExecutor.java:83)
	at org.openqa.selenium.remote.RemoteWebDriver.execute(RemoteWebDriver.java:552)
	at org.openqa.selenium.remote.RemoteWebDriver.findElement(RemoteWebDriver.java:323)
	at org.openqa.selenium.remote.RemoteWebDriver.findElementByLinkText(RemoteWebDriver.java:380)
	at org.openqa.selenium.By$ByLinkText.findElement(By.java:220)
	at org.openqa.selenium.remote.RemoteWebDriver.findElement(RemoteWebDriver.java:315)
	at com.quantum.Homepage.testActiveLinkStyle(Homepage.java:141)
	at java.base/java.util.ArrayList.forEach(ArrayList.java:1596)
... Removed 28 stack frames</div></td></tr></table><p class="totop"><a href="#summary">back to summary</a></p>
<h3 id="m1">com.quantum.Homepage#testAddProductsLink</h3><table class="result"><tr><th>Exception</th></tr><tr><td><div class="stacktrace">org.openqa.selenium.NoSuchElementException: no such element: Unable to locate element: {&quot;method&quot;:&quot;link text&quot;,&quot;selector&quot;:&quot;Add Products&quot;}
  (Session info: chrome=127.0.6533.120)
For documentation on this error, please visit: https://www.seleniumhq.org/exceptions/no_such_element.html
Build info: version: &apos;3.141.59&apos;, revision: &apos;e82be7d358&apos;, time: &apos;2018-11-14T08:25:53&apos;
System info: host: &apos;LAPTOP-QKCURUKN&apos;, ip: &apos;192.168.1.10&apos;, os.name: &apos;Windows 11&apos;, os.arch: &apos;amd64&apos;, os.version: &apos;10.0&apos;, java.version: &apos;21.0.2&apos;
Driver info: org.openqa.selenium.chrome.ChromeDriver
Capabilities {acceptInsecureCerts: false, browserName: chrome, browserVersion: 127.0.6533.120, chrome: {chromedriverVersion: 127.0.6533.99 (f31af5097d90..., userDataDir: C:\Users\SAURABH\AppData\Lo...}, fedcm:accounts: true, goog:chromeOptions: {debuggerAddress: localhost:59780}, javascriptEnabled: true, networkConnectionEnabled: false, pageLoadStrategy: normal, platform: WINDOWS, platformName: WINDOWS, proxy: Proxy(), setWindowRect: true, strictFileInteractability: false, timeouts: {implicit: 0, pageLoad: 300000, script: 30000}, unhandledPromptBehavior: dismiss and notify, webauthn:extension:credBlob: true, webauthn:extension:largeBlob: true, webauthn:extension:minPinLength: true, webauthn:extension:prf: true, webauthn:virtualAuthenticators: true}
Session ID: b7e14caf2960770eca3dd251fd2a09c3
*** Element info: {Using=link text, value=Add Products}
	at org.openqa.selenium.remote.http.W3CHttpResponseCodec.createException(W3CHttpResponseCodec.java:187)
	at org.openqa.selenium.remote.http.W3CHttpResponseCodec.decode(W3CHttpResponseCodec.java:122)
	at org.openqa.selenium.remote.http.W3CHttpResponseCodec.decode(W3CHttpResponseCodec.java:49)
	at org.openqa.selenium.remote.HttpCommandExecutor.execute(HttpCommandExecutor.java:158)
	at org.openqa.selenium.remote.service.DriverCommandExecutor.execute(DriverCommandExecutor.java:83)
	at org.openqa.selenium.remote.RemoteWebDriver.execute(RemoteWebDriver.java:552)
	at org.openqa.selenium.remote.RemoteWebDriver.findElement(RemoteWebDriver.java:323)
	at org.openqa.selenium.remote.RemoteWebDriver.findElementByLinkText(RemoteWebDriver.java:380)
	at org.openqa.selenium.By$ByLinkText.findElement(By.java:220)
	at org.openqa.selenium.remote.RemoteWebDriver.findElement(RemoteWebDriver.java:315)
	at com.quantum.Homepage.testAddProductsLink(Homepage.java:88)
	at java.base/java.util.ArrayList.forEach(ArrayList.java:1596)
... Removed 28 stack frames</div></td></tr></table><p class="totop"><a href="#summary">back to summary</a></p>
<h3 id="m2">com.quantum.LoginTestCases#testEmailFieldAcceptsInput</h3><table class="result"><tr><th>Exception</th></tr><tr><td><div class="stacktrace">java.lang.AssertionError: test@example.com expected:&lt;test@example.com&gt; but was:&lt;Email input is not accepted!&gt;
	at com.quantum.LoginTestCases.testEmailFieldAcceptsInput(LoginTestCases.java:129)
	at java.base/java.util.ArrayList.forEach(ArrayList.java:1596)
... Removed 26 stack frames</div></td></tr></table><p class="totop"><a href="#summary">back to summary</a></p>
<h3 id="m3">com.quantum.LoginTestCases#testPageTitle</h3><table class="result"><tr><th>Exception</th></tr><tr><td><div class="stacktrace">java.lang.AssertionError: Cannatrader expected:&lt;Cannatrader&gt; but was:&lt;Page title does not match!&gt;
	at com.quantum.LoginTestCases.testPageTitle(LoginTestCases.java:84)
	at java.base/java.util.ArrayList.forEach(ArrayList.java:1596)
... Removed 26 stack frames</div></td></tr></table><p class="totop"><a href="#summary">back to summary</a></p>
<h3 id="m4">com.quantum.LoginTestCases#testPasswordFieldAcceptsInput</h3><table class="result"><tr><th>Exception</th></tr><tr><td><div class="stacktrace">java.lang.AssertionError: password123 expected:&lt;password123&gt; but was:&lt;Password input is not accepted!&gt;
	at com.quantum.LoginTestCases.testPasswordFieldAcceptsInput(LoginTestCases.java:140)
	at java.base/java.util.ArrayList.forEach(ArrayList.java:1596)
... Removed 26 stack frames</div></td></tr></table><p class="totop"><a href="#summary">back to summary</a></p>
<h3 id="m5">com.quantum.Homepage#HomepageVisibility</h3><table class="result"><tr><th class="invisible"/></tr></table><p class="totop"><a href="#summary">back to summary</a></p>
<h3 id="m6">com.quantum.Homepage#testChatLinkIsDisplayed</h3><table class="result"><tr><th class="invisible"/></tr></table><p class="totop"><a href="#summary">back to summary</a></p>
<h3 id="m7">com.quantum.Homepage#testChatLinkRedirects</h3><table class="result"><tr><th class="invisible"/></tr></table><p class="totop"><a href="#summary">back to summary</a></p>
<h3 id="m8">com.quantum.Homepage#testContactLink</h3><table class="result"><tr><th class="invisible"/></tr></table><p class="totop"><a href="#summary">back to summary</a></p>
<h3 id="m9">com.quantum.Homepage#testHomeLink</h3><table class="result"><tr><th class="invisible"/></tr></table><p class="totop"><a href="#summary">back to summary</a></p>
<h3 id="m10">com.quantum.Homepage#testNotificationCountIsDisplayed</h3><table class="result"><tr><th class="invisible"/></tr></table><p class="totop"><a href="#summary">back to summary</a></p>
<h3 id="m11">com.quantum.Homepage#testProfileIconIsDisplayed</h3><table class="result"><tr><th class="invisible"/></tr></table><p class="totop"><a href="#summary">back to summary</a></p>
<h3 id="m12">com.quantum.Homepage#testProfileLinkIsDisplayed</h3><table class="result"><tr><th class="invisible"/></tr></table><p class="totop"><a href="#summary">back to summary</a></p>
<h3 id="m13">com.quantum.Homepage#testProfileLinkRedirects</h3><table class="result"><tr><th class="invisible"/></tr></table><p class="totop"><a href="#summary">back to summary</a></p>
<h3 id="m14">com.quantum.Homepage#testWishListLink</h3><table class="result"><tr><th class="invisible"/></tr></table><p class="totop"><a href="#summary">back to summary</a></p>
<h3 id="m15">com.quantum.LoginTestCases#Loginwithinvalidcred</h3><table class="result"><tr><th class="invisible"/></tr></table><p class="totop"><a href="#summary">back to summary</a></p>
<h3 id="m16">com.quantum.LoginTestCases#SuccessfulLogin</h3><table class="result"><tr><th class="invisible"/></tr></table><p class="totop"><a href="#summary">back to summary</a></p>
<h3 id="m17">com.quantum.LoginTestCases#testEmailFieldPlaceholder</h3><table class="result"><tr><th class="invisible"/></tr></table><p class="totop"><a href="#summary">back to summary</a></p>
<h3 id="m18">com.quantum.LoginTestCases#testEmailFieldPresence</h3><table class="result"><tr><th class="invisible"/></tr></table><p class="totop"><a href="#summary">back to summary</a></p>
<h3 id="m19">com.quantum.LoginTestCases#testForgotPasswordLink</h3><table class="result"><tr><th class="invisible"/></tr></table><p class="totop"><a href="#summary">back to summary</a></p>
<h3 id="m20">com.quantum.LoginTestCases#testHomeLinkIsDisplayed</h3><table class="result"><tr><th class="invisible"/></tr></table><p class="totop"><a href="#summary">back to summary</a></p>
<h3 id="m21">com.quantum.LoginTestCases#testLoginLinkNavigatesToLoginPage</h3><table class="result"><tr><th class="invisible"/></tr></table><p class="totop"><a href="#summary">back to summary</a></p>
<h3 id="m22">com.quantum.LoginTestCases#testPasswordFieldPlaceholder</h3><table class="result"><tr><th class="invisible"/></tr></table><p class="totop"><a href="#summary">back to summary</a></p>
<h3 id="m23">com.quantum.LoginTestCases#testPasswordFieldPresence</h3><table class="result"><tr><th class="invisible"/></tr></table><p class="totop"><a href="#summary">back to summary</a></p>
<h3 id="m24">com.quantum.LoginTestCases#testSignUpLink</h3><table class="result"><tr><th class="invisible"/></tr></table><p class="totop"><a href="#summary">back to summary</a></p>
<h3 id="m25">com.quantum.LoginTestCases#testSignupLinkIsDisplayed</h3><table class="result"><tr><th class="invisible"/></tr></table><p class="totop"><a href="#summary">back to summary</a></p>
<h3 id="m26">com.quantum.LoginTestCases#testSignupLinkNavigatesToSignupPage</h3><table class="result"><tr><th class="invisible"/></tr></table><p class="totop"><a href="#summary">back to summary</a></p>
</body>
</html>
