<?xml version="1.0" encoding="UTF-8"?>
<testng-results ignored="0" total="27" passed="22" failed="5" skipped="0">
  <reporter-output>
  </reporter-output>
  <suite started-at="2024-08-23T21:35:27 IST" name="Suite" finished-at="2024-08-23T21:43:29 IST" duration-ms="481982">
    <groups>
    </groups>
    <test started-at="2024-08-23T21:35:27 IST" name="Test" finished-at="2024-08-23T21:43:29 IST" duration-ms="481982">
      <class name="com.quantum.Homepage">
        <test-method is-config="true" signature="setUp()[pri:0, instance:com.quantum.Homepage@3d8bbcdc]" started-at="2024-08-23T21:35:27 IST" name="setUp" finished-at="2024-08-23T21:35:35 IST" duration-ms="7999" status="PASS">
          <reporter-output>
          </reporter-output>
        </test-method> <!-- setUp -->
        <test-method signature="HomepageVisibility()[pri:0, instance:com.quantum.Homepage@3d8bbcdc]" started-at="2024-08-23T21:35:35 IST" name="HomepageVisibility" finished-at="2024-08-23T21:35:37 IST" duration-ms="1516" status="PASS">
          <reporter-output>
          </reporter-output>
        </test-method> <!-- HomepageVisibility -->
        <test-method is-config="true" signature="teardown()[pri:0, instance:com.quantum.Homepage@3d8bbcdc]" started-at="2024-08-23T21:35:37 IST" name="teardown" finished-at="2024-08-23T21:35:40 IST" duration-ms="3144" status="PASS">
          <reporter-output>
          </reporter-output>
        </test-method> <!-- teardown -->
        <test-method is-config="true" signature="setUp()[pri:0, instance:com.quantum.Homepage@3d8bbcdc]" started-at="2024-08-23T21:35:40 IST" name="setUp" finished-at="2024-08-23T21:35:43 IST" duration-ms="3018" status="PASS">
          <reporter-output>
          </reporter-output>
        </test-method> <!-- setUp -->
        <test-method signature="testActiveLinkStyle()[pri:0, instance:com.quantum.Homepage@3d8bbcdc]" started-at="2024-08-23T21:35:43 IST" name="testActiveLinkStyle" finished-at="2024-08-23T21:36:24 IST" duration-ms="40484" status="FAIL">
          <exception class="org.openqa.selenium.NoSuchElementException">
            <message>
              <![CDATA[no such element: Unable to locate element: {"method":"link text","selector":"Home"}
  (Session info: chrome=127.0.6533.120)
For documentation on this error, please visit: https://www.seleniumhq.org/exceptions/no_such_element.html
Build info: version: '3.141.59', revision: 'e82be7d358', time: '2018-11-14T08:25:53'
System info: host: 'LAPTOP-QKCURUKN', ip: '192.168.1.10', os.name: 'Windows 11', os.arch: 'amd64', os.version: '10.0', java.version: '21.0.2'
Driver info: org.openqa.selenium.chrome.ChromeDriver
Capabilities {acceptInsecureCerts: false, browserName: chrome, browserVersion: 127.0.6533.120, chrome: {chromedriverVersion: 127.0.6533.99 (f31af5097d90..., userDataDir: C:\Users\SAURABH\AppData\Lo...}, fedcm:accounts: true, goog:chromeOptions: {debuggerAddress: localhost:59652}, javascriptEnabled: true, networkConnectionEnabled: false, pageLoadStrategy: normal, platform: WINDOWS, platformName: WINDOWS, proxy: Proxy(), setWindowRect: true, strictFileInteractability: false, timeouts: {implicit: 0, pageLoad: 300000, script: 30000}, unhandledPromptBehavior: dismiss and notify, webauthn:extension:credBlob: true, webauthn:extension:largeBlob: true, webauthn:extension:minPinLength: true, webauthn:extension:prf: true, webauthn:virtualAuthenticators: true}
Session ID: dfb244f9b3d66819a6673ad29a6f2b02
*** Element info: {Using=link text, value=Home}]]>
            </message>
            <full-stacktrace>
              <![CDATA[org.openqa.selenium.NoSuchElementException: no such element: Unable to locate element: {"method":"link text","selector":"Home"}
  (Session info: chrome=127.0.6533.120)
For documentation on this error, please visit: https://www.seleniumhq.org/exceptions/no_such_element.html
Build info: version: '3.141.59', revision: 'e82be7d358', time: '2018-11-14T08:25:53'
System info: host: 'LAPTOP-QKCURUKN', ip: '192.168.1.10', os.name: 'Windows 11', os.arch: 'amd64', os.version: '10.0', java.version: '21.0.2'
Driver info: org.openqa.selenium.chrome.ChromeDriver
Capabilities {acceptInsecureCerts: false, browserName: chrome, browserVersion: 127.0.6533.120, chrome: {chromedriverVersion: 127.0.6533.99 (f31af5097d90..., userDataDir: C:\Users\SAURABH\AppData\Lo...}, fedcm:accounts: true, goog:chromeOptions: {debuggerAddress: localhost:59652}, javascriptEnabled: true, networkConnectionEnabled: false, pageLoadStrategy: normal, platform: WINDOWS, platformName: WINDOWS, proxy: Proxy(), setWindowRect: true, strictFileInteractability: false, timeouts: {implicit: 0, pageLoad: 300000, script: 30000}, unhandledPromptBehavior: dismiss and notify, webauthn:extension:credBlob: true, webauthn:extension:largeBlob: true, webauthn:extension:minPinLength: true, webauthn:extension:prf: true, webauthn:virtualAuthenticators: true}
Session ID: dfb244f9b3d66819a6673ad29a6f2b02
*** Element info: {Using=link text, value=Home}
at java.base/jdk.internal.reflect.DirectConstructorHandleAccessor.newInstance(DirectConstructorHandleAccessor.java:62)
at java.base/java.lang.reflect.Constructor.newInstanceWithCaller(Constructor.java:502)
at java.base/java.lang.reflect.Constructor.newInstance(Constructor.java:486)
at org.openqa.selenium.remote.http.W3CHttpResponseCodec.createException(W3CHttpResponseCodec.java:187)
at org.openqa.selenium.remote.http.W3CHttpResponseCodec.decode(W3CHttpResponseCodec.java:122)
at org.openqa.selenium.remote.http.W3CHttpResponseCodec.decode(W3CHttpResponseCodec.java:49)
at org.openqa.selenium.remote.HttpCommandExecutor.execute(HttpCommandExecutor.java:158)
at org.openqa.selenium.remote.service.DriverCommandExecutor.execute(DriverCommandExecutor.java:83)
at org.openqa.selenium.remote.RemoteWebDriver.execute(RemoteWebDriver.java:552)
at org.openqa.selenium.remote.RemoteWebDriver.findElement(RemoteWebDriver.java:323)
at org.openqa.selenium.remote.RemoteWebDriver.findElementByLinkText(RemoteWebDriver.java:380)
at org.openqa.selenium.By$ByLinkText.findElement(By.java:220)
at org.openqa.selenium.remote.RemoteWebDriver.findElement(RemoteWebDriver.java:315)
at com.quantum.Homepage.testActiveLinkStyle(Homepage.java:141)
at java.base/jdk.internal.reflect.DirectMethodHandleAccessor.invoke(DirectMethodHandleAccessor.java:103)
at java.base/java.lang.reflect.Method.invoke(Method.java:580)
at org.testng.internal.invokers.MethodInvocationHelper.invokeMethod(MethodInvocationHelper.java:139)
at org.testng.internal.invokers.TestInvoker.invokeMethod(TestInvoker.java:664)
at org.testng.internal.invokers.TestInvoker.invokeTestMethod(TestInvoker.java:227)
at org.testng.internal.invokers.MethodRunner.runInSequence(MethodRunner.java:50)
at org.testng.internal.invokers.TestInvoker$MethodInvocationAgent.invoke(TestInvoker.java:957)
at org.testng.internal.invokers.TestInvoker.invokeTestMethods(TestInvoker.java:200)
at org.testng.internal.invokers.TestMethodWorker.invokeTestMethods(TestMethodWorker.java:148)
at org.testng.internal.invokers.TestMethodWorker.run(TestMethodWorker.java:128)
at java.base/java.util.ArrayList.forEach(ArrayList.java:1596)
at org.testng.TestRunner.privateRun(TestRunner.java:848)
at org.testng.TestRunner.run(TestRunner.java:621)
at org.testng.SuiteRunner.runTest(SuiteRunner.java:443)
at org.testng.SuiteRunner.runSequentially(SuiteRunner.java:437)
at org.testng.SuiteRunner.privateRun(SuiteRunner.java:397)
at org.testng.SuiteRunner.run(SuiteRunner.java:336)
at org.testng.SuiteRunnerWorker.runSuite(SuiteRunnerWorker.java:52)
at org.testng.SuiteRunnerWorker.run(SuiteRunnerWorker.java:95)
at org.testng.TestNG.runSuitesSequentially(TestNG.java:1280)
at org.testng.TestNG.runSuitesLocally(TestNG.java:1200)
at org.testng.TestNG.runSuites(TestNG.java:1114)
at org.testng.TestNG.run(TestNG.java:1082)
at org.testng.remote.AbstractRemoteTestNG.run(AbstractRemoteTestNG.java:115)
at org.testng.remote.RemoteTestNG.initAndRun(RemoteTestNG.java:293)
at org.testng.remote.RemoteTestNG.main(RemoteTestNG.java:91)
]]>
            </full-stacktrace>
          </exception> <!-- org.openqa.selenium.NoSuchElementException -->
          <reporter-output>
          </reporter-output>
        </test-method> <!-- testActiveLinkStyle -->
        <test-method is-config="true" signature="teardown()[pri:0, instance:com.quantum.Homepage@3d8bbcdc]" started-at="2024-08-23T21:36:24 IST" name="teardown" finished-at="2024-08-23T21:36:24 IST" duration-ms="382" status="PASS">
          <reporter-output>
          </reporter-output>
        </test-method> <!-- teardown -->
        <test-method is-config="true" signature="setUp()[pri:0, instance:com.quantum.Homepage@3d8bbcdc]" started-at="2024-08-23T21:36:24 IST" name="setUp" finished-at="2024-08-23T21:36:28 IST" duration-ms="4403" status="PASS">
          <reporter-output>
          </reporter-output>
        </test-method> <!-- setUp -->
        <test-method signature="testAddProductsLink()[pri:0, instance:com.quantum.Homepage@3d8bbcdc]" started-at="2024-08-23T21:36:28 IST" name="testAddProductsLink" finished-at="2024-08-23T21:37:08 IST" duration-ms="39963" status="FAIL">
          <exception class="org.openqa.selenium.NoSuchElementException">
            <message>
              <![CDATA[no such element: Unable to locate element: {"method":"link text","selector":"Add Products"}
  (Session info: chrome=127.0.6533.120)
For documentation on this error, please visit: https://www.seleniumhq.org/exceptions/no_such_element.html
Build info: version: '3.141.59', revision: 'e82be7d358', time: '2018-11-14T08:25:53'
System info: host: 'LAPTOP-QKCURUKN', ip: '192.168.1.10', os.name: 'Windows 11', os.arch: 'amd64', os.version: '10.0', java.version: '21.0.2'
Driver info: org.openqa.selenium.chrome.ChromeDriver
Capabilities {acceptInsecureCerts: false, browserName: chrome, browserVersion: 127.0.6533.120, chrome: {chromedriverVersion: 127.0.6533.99 (f31af5097d90..., userDataDir: C:\Users\SAURABH\AppData\Lo...}, fedcm:accounts: true, goog:chromeOptions: {debuggerAddress: localhost:59780}, javascriptEnabled: true, networkConnectionEnabled: false, pageLoadStrategy: normal, platform: WINDOWS, platformName: WINDOWS, proxy: Proxy(), setWindowRect: true, strictFileInteractability: false, timeouts: {implicit: 0, pageLoad: 300000, script: 30000}, unhandledPromptBehavior: dismiss and notify, webauthn:extension:credBlob: true, webauthn:extension:largeBlob: true, webauthn:extension:minPinLength: true, webauthn:extension:prf: true, webauthn:virtualAuthenticators: true}
Session ID: b7e14caf2960770eca3dd251fd2a09c3
*** Element info: {Using=link text, value=Add Products}]]>
            </message>
            <full-stacktrace>
              <![CDATA[org.openqa.selenium.NoSuchElementException: no such element: Unable to locate element: {"method":"link text","selector":"Add Products"}
  (Session info: chrome=127.0.6533.120)
For documentation on this error, please visit: https://www.seleniumhq.org/exceptions/no_such_element.html
Build info: version: '3.141.59', revision: 'e82be7d358', time: '2018-11-14T08:25:53'
System info: host: 'LAPTOP-QKCURUKN', ip: '192.168.1.10', os.name: 'Windows 11', os.arch: 'amd64', os.version: '10.0', java.version: '21.0.2'
Driver info: org.openqa.selenium.chrome.ChromeDriver
Capabilities {acceptInsecureCerts: false, browserName: chrome, browserVersion: 127.0.6533.120, chrome: {chromedriverVersion: 127.0.6533.99 (f31af5097d90..., userDataDir: C:\Users\SAURABH\AppData\Lo...}, fedcm:accounts: true, goog:chromeOptions: {debuggerAddress: localhost:59780}, javascriptEnabled: true, networkConnectionEnabled: false, pageLoadStrategy: normal, platform: WINDOWS, platformName: WINDOWS, proxy: Proxy(), setWindowRect: true, strictFileInteractability: false, timeouts: {implicit: 0, pageLoad: 300000, script: 30000}, unhandledPromptBehavior: dismiss and notify, webauthn:extension:credBlob: true, webauthn:extension:largeBlob: true, webauthn:extension:minPinLength: true, webauthn:extension:prf: true, webauthn:virtualAuthenticators: true}
Session ID: b7e14caf2960770eca3dd251fd2a09c3
*** Element info: {Using=link text, value=Add Products}
at java.base/jdk.internal.reflect.DirectConstructorHandleAccessor.newInstance(DirectConstructorHandleAccessor.java:62)
at java.base/java.lang.reflect.Constructor.newInstanceWithCaller(Constructor.java:502)
at java.base/java.lang.reflect.Constructor.newInstance(Constructor.java:486)
at org.openqa.selenium.remote.http.W3CHttpResponseCodec.createException(W3CHttpResponseCodec.java:187)
at org.openqa.selenium.remote.http.W3CHttpResponseCodec.decode(W3CHttpResponseCodec.java:122)
at org.openqa.selenium.remote.http.W3CHttpResponseCodec.decode(W3CHttpResponseCodec.java:49)
at org.openqa.selenium.remote.HttpCommandExecutor.execute(HttpCommandExecutor.java:158)
at org.openqa.selenium.remote.service.DriverCommandExecutor.execute(DriverCommandExecutor.java:83)
at org.openqa.selenium.remote.RemoteWebDriver.execute(RemoteWebDriver.java:552)
at org.openqa.selenium.remote.RemoteWebDriver.findElement(RemoteWebDriver.java:323)
at org.openqa.selenium.remote.RemoteWebDriver.findElementByLinkText(RemoteWebDriver.java:380)
at org.openqa.selenium.By$ByLinkText.findElement(By.java:220)
at org.openqa.selenium.remote.RemoteWebDriver.findElement(RemoteWebDriver.java:315)
at com.quantum.Homepage.testAddProductsLink(Homepage.java:88)
at java.base/jdk.internal.reflect.DirectMethodHandleAccessor.invoke(DirectMethodHandleAccessor.java:103)
at java.base/java.lang.reflect.Method.invoke(Method.java:580)
at org.testng.internal.invokers.MethodInvocationHelper.invokeMethod(MethodInvocationHelper.java:139)
at org.testng.internal.invokers.TestInvoker.invokeMethod(TestInvoker.java:664)
at org.testng.internal.invokers.TestInvoker.invokeTestMethod(TestInvoker.java:227)
at org.testng.internal.invokers.MethodRunner.runInSequence(MethodRunner.java:50)
at org.testng.internal.invokers.TestInvoker$MethodInvocationAgent.invoke(TestInvoker.java:957)
at org.testng.internal.invokers.TestInvoker.invokeTestMethods(TestInvoker.java:200)
at org.testng.internal.invokers.TestMethodWorker.invokeTestMethods(TestMethodWorker.java:148)
at org.testng.internal.invokers.TestMethodWorker.run(TestMethodWorker.java:128)
at java.base/java.util.ArrayList.forEach(ArrayList.java:1596)
at org.testng.TestRunner.privateRun(TestRunner.java:848)
at org.testng.TestRunner.run(TestRunner.java:621)
at org.testng.SuiteRunner.runTest(SuiteRunner.java:443)
at org.testng.SuiteRunner.runSequentially(SuiteRunner.java:437)
at org.testng.SuiteRunner.privateRun(SuiteRunner.java:397)
at org.testng.SuiteRunner.run(SuiteRunner.java:336)
at org.testng.SuiteRunnerWorker.runSuite(SuiteRunnerWorker.java:52)
at org.testng.SuiteRunnerWorker.run(SuiteRunnerWorker.java:95)
at org.testng.TestNG.runSuitesSequentially(TestNG.java:1280)
at org.testng.TestNG.runSuitesLocally(TestNG.java:1200)
at org.testng.TestNG.runSuites(TestNG.java:1114)
at org.testng.TestNG.run(TestNG.java:1082)
at org.testng.remote.AbstractRemoteTestNG.run(AbstractRemoteTestNG.java:115)
at org.testng.remote.RemoteTestNG.initAndRun(RemoteTestNG.java:293)
at org.testng.remote.RemoteTestNG.main(RemoteTestNG.java:91)
]]>
            </full-stacktrace>
          </exception> <!-- org.openqa.selenium.NoSuchElementException -->
          <reporter-output>
          </reporter-output>
        </test-method> <!-- testAddProductsLink -->
        <test-method is-config="true" signature="teardown()[pri:0, instance:com.quantum.Homepage@3d8bbcdc]" started-at="2024-08-23T21:37:08 IST" name="teardown" finished-at="2024-08-23T21:37:09 IST" duration-ms="279" status="PASS">
          <reporter-output>
          </reporter-output>
        </test-method> <!-- teardown -->
        <test-method is-config="true" signature="setUp()[pri:0, instance:com.quantum.Homepage@3d8bbcdc]" started-at="2024-08-23T21:37:09 IST" name="setUp" finished-at="2024-08-23T21:37:11 IST" duration-ms="2620" status="PASS">
          <reporter-output>
          </reporter-output>
        </test-method> <!-- setUp -->
        <test-method signature="testChatLinkIsDisplayed()[pri:0, instance:com.quantum.Homepage@3d8bbcdc]" started-at="2024-08-23T21:37:11 IST" name="testChatLinkIsDisplayed" finished-at="2024-08-23T21:37:52 IST" duration-ms="41068" status="PASS">
          <reporter-output>
          </reporter-output>
        </test-method> <!-- testChatLinkIsDisplayed -->
        <test-method is-config="true" signature="teardown()[pri:0, instance:com.quantum.Homepage@3d8bbcdc]" started-at="2024-08-23T21:37:52 IST" name="teardown" finished-at="2024-08-23T21:37:53 IST" duration-ms="364" status="PASS">
          <reporter-output>
          </reporter-output>
        </test-method> <!-- teardown -->
        <test-method is-config="true" signature="setUp()[pri:0, instance:com.quantum.Homepage@3d8bbcdc]" started-at="2024-08-23T21:37:53 IST" name="setUp" finished-at="2024-08-23T21:37:56 IST" duration-ms="3500" status="PASS">
          <reporter-output>
          </reporter-output>
        </test-method> <!-- setUp -->
        <test-method signature="testChatLinkRedirects()[pri:0, instance:com.quantum.Homepage@3d8bbcdc]" started-at="2024-08-23T21:37:56 IST" name="testChatLinkRedirects" finished-at="2024-08-23T21:38:26 IST" duration-ms="30296" status="PASS">
          <reporter-output>
          </reporter-output>
        </test-method> <!-- testChatLinkRedirects -->
        <test-method is-config="true" signature="teardown()[pri:0, instance:com.quantum.Homepage@3d8bbcdc]" started-at="2024-08-23T21:38:26 IST" name="teardown" finished-at="2024-08-23T21:38:27 IST" duration-ms="736" status="PASS">
          <reporter-output>
          </reporter-output>
        </test-method> <!-- teardown -->
        <test-method is-config="true" signature="setUp()[pri:0, instance:com.quantum.Homepage@3d8bbcdc]" started-at="2024-08-23T21:38:27 IST" name="setUp" finished-at="2024-08-23T21:38:31 IST" duration-ms="4164" status="PASS">
          <reporter-output>
          </reporter-output>
        </test-method> <!-- setUp -->
        <test-method signature="testContactLink()[pri:0, instance:com.quantum.Homepage@3d8bbcdc]" started-at="2024-08-23T21:38:31 IST" name="testContactLink" finished-at="2024-08-23T21:38:41 IST" duration-ms="10148" status="PASS">
          <reporter-output>
          </reporter-output>
        </test-method> <!-- testContactLink -->
        <test-method is-config="true" signature="teardown()[pri:0, instance:com.quantum.Homepage@3d8bbcdc]" started-at="2024-08-23T21:38:41 IST" name="teardown" finished-at="2024-08-23T21:38:42 IST" duration-ms="557" status="PASS">
          <reporter-output>
          </reporter-output>
        </test-method> <!-- teardown -->
        <test-method is-config="true" signature="setUp()[pri:0, instance:com.quantum.Homepage@3d8bbcdc]" started-at="2024-08-23T21:38:42 IST" name="setUp" finished-at="2024-08-23T21:38:45 IST" duration-ms="2905" status="PASS">
          <reporter-output>
          </reporter-output>
        </test-method> <!-- setUp -->
        <test-method signature="testHomeLink()[pri:0, instance:com.quantum.Homepage@3d8bbcdc]" started-at="2024-08-23T21:38:45 IST" name="testHomeLink" finished-at="2024-08-23T21:38:49 IST" duration-ms="3602" status="PASS">
          <reporter-output>
          </reporter-output>
        </test-method> <!-- testHomeLink -->
        <test-method is-config="true" signature="teardown()[pri:0, instance:com.quantum.Homepage@3d8bbcdc]" started-at="2024-08-23T21:38:49 IST" name="teardown" finished-at="2024-08-23T21:38:50 IST" duration-ms="1182" status="PASS">
          <reporter-output>
          </reporter-output>
        </test-method> <!-- teardown -->
        <test-method is-config="true" signature="setUp()[pri:0, instance:com.quantum.Homepage@3d8bbcdc]" started-at="2024-08-23T21:38:50 IST" name="setUp" finished-at="2024-08-23T21:38:53 IST" duration-ms="3084" status="PASS">
          <reporter-output>
          </reporter-output>
        </test-method> <!-- setUp -->
        <test-method signature="testNotificationCountIsDisplayed()[pri:0, instance:com.quantum.Homepage@3d8bbcdc]" started-at="2024-08-23T21:38:53 IST" name="testNotificationCountIsDisplayed" finished-at="2024-08-23T21:39:23 IST" duration-ms="30000" status="PASS">
          <reporter-output>
          </reporter-output>
        </test-method> <!-- testNotificationCountIsDisplayed -->
        <test-method is-config="true" signature="teardown()[pri:0, instance:com.quantum.Homepage@3d8bbcdc]" started-at="2024-08-23T21:39:23 IST" name="teardown" finished-at="2024-08-23T21:39:23 IST" duration-ms="425" status="PASS">
          <reporter-output>
          </reporter-output>
        </test-method> <!-- teardown -->
        <test-method is-config="true" signature="setUp()[pri:0, instance:com.quantum.Homepage@3d8bbcdc]" started-at="2024-08-23T21:39:23 IST" name="setUp" finished-at="2024-08-23T21:39:26 IST" duration-ms="3008" status="PASS">
          <reporter-output>
          </reporter-output>
        </test-method> <!-- setUp -->
        <test-method signature="testProfileIconIsDisplayed()[pri:0, instance:com.quantum.Homepage@3d8bbcdc]" started-at="2024-08-23T21:39:26 IST" name="testProfileIconIsDisplayed" finished-at="2024-08-23T21:39:46 IST" duration-ms="19972" status="PASS">
          <reporter-output>
          </reporter-output>
        </test-method> <!-- testProfileIconIsDisplayed -->
        <test-method is-config="true" signature="teardown()[pri:0, instance:com.quantum.Homepage@3d8bbcdc]" started-at="2024-08-23T21:39:46 IST" name="teardown" finished-at="2024-08-23T21:39:47 IST" duration-ms="386" status="PASS">
          <reporter-output>
          </reporter-output>
        </test-method> <!-- teardown -->
        <test-method is-config="true" signature="setUp()[pri:0, instance:com.quantum.Homepage@3d8bbcdc]" started-at="2024-08-23T21:39:47 IST" name="setUp" finished-at="2024-08-23T21:39:51 IST" duration-ms="4877" status="PASS">
          <reporter-output>
          </reporter-output>
        </test-method> <!-- setUp -->
        <test-method signature="testProfileLinkIsDisplayed()[pri:0, instance:com.quantum.Homepage@3d8bbcdc]" started-at="2024-08-23T21:39:51 IST" name="testProfileLinkIsDisplayed" finished-at="2024-08-23T21:40:11 IST" duration-ms="20004" status="PASS">
          <reporter-output>
          </reporter-output>
        </test-method> <!-- testProfileLinkIsDisplayed -->
        <test-method is-config="true" signature="teardown()[pri:0, instance:com.quantum.Homepage@3d8bbcdc]" started-at="2024-08-23T21:40:12 IST" name="teardown" finished-at="2024-08-23T21:40:12 IST" duration-ms="913" status="PASS">
          <reporter-output>
          </reporter-output>
        </test-method> <!-- teardown -->
        <test-method is-config="true" signature="setUp()[pri:0, instance:com.quantum.Homepage@3d8bbcdc]" started-at="2024-08-23T21:40:12 IST" name="setUp" finished-at="2024-08-23T21:40:16 IST" duration-ms="3103" status="PASS">
          <reporter-output>
          </reporter-output>
        </test-method> <!-- setUp -->
        <test-method signature="testProfileLinkRedirects()[pri:0, instance:com.quantum.Homepage@3d8bbcdc]" started-at="2024-08-23T21:40:16 IST" name="testProfileLinkRedirects" finished-at="2024-08-23T21:40:46 IST" duration-ms="30321" status="PASS">
          <reporter-output>
          </reporter-output>
        </test-method> <!-- testProfileLinkRedirects -->
        <test-method is-config="true" signature="teardown()[pri:0, instance:com.quantum.Homepage@3d8bbcdc]" started-at="2024-08-23T21:40:46 IST" name="teardown" finished-at="2024-08-23T21:40:46 IST" duration-ms="407" status="PASS">
          <reporter-output>
          </reporter-output>
        </test-method> <!-- teardown -->
        <test-method is-config="true" signature="setUp()[pri:0, instance:com.quantum.Homepage@3d8bbcdc]" started-at="2024-08-23T21:40:46 IST" name="setUp" finished-at="2024-08-23T21:40:52 IST" duration-ms="5380" status="PASS">
          <reporter-output>
          </reporter-output>
        </test-method> <!-- setUp -->
        <test-method signature="testWishListLink()[pri:0, instance:com.quantum.Homepage@3d8bbcdc]" started-at="2024-08-23T21:40:52 IST" name="testWishListLink" finished-at="2024-08-23T21:41:02 IST" duration-ms="10114" status="PASS">
          <reporter-output>
          </reporter-output>
        </test-method> <!-- testWishListLink -->
        <test-method is-config="true" signature="teardown()[pri:0, instance:com.quantum.Homepage@3d8bbcdc]" started-at="2024-08-23T21:41:02 IST" name="teardown" finished-at="2024-08-23T21:41:06 IST" duration-ms="4456" status="PASS">
          <reporter-output>
          </reporter-output>
        </test-method> <!-- teardown -->
      </class> <!-- com.quantum.Homepage -->
      <class name="com.quantum.LoginTestCases">
        <test-method is-config="true" signature="setUp()[pri:0, instance:com.quantum.LoginTestCases@34645867]" started-at="2024-08-23T21:41:06 IST" name="setUp" finished-at="2024-08-23T21:41:12 IST" duration-ms="5302" status="PASS">
          <reporter-output>
          </reporter-output>
        </test-method> <!-- setUp -->
        <test-method signature="testHomeLinkIsDisplayed()[pri:1, instance:com.quantum.LoginTestCases@34645867]" started-at="2024-08-23T21:41:12 IST" name="testHomeLinkIsDisplayed" finished-at="2024-08-23T21:41:15 IST" duration-ms="3124" status="PASS">
          <reporter-output>
          </reporter-output>
        </test-method> <!-- testHomeLinkIsDisplayed -->
        <test-method is-config="true" signature="teardown()[pri:0, instance:com.quantum.LoginTestCases@34645867]" started-at="2024-08-23T21:41:15 IST" name="teardown" finished-at="2024-08-23T21:41:16 IST" duration-ms="1176" status="PASS">
          <reporter-output>
          </reporter-output>
        </test-method> <!-- teardown -->
        <test-method is-config="true" signature="setUp()[pri:0, instance:com.quantum.LoginTestCases@34645867]" started-at="2024-08-23T21:41:16 IST" name="setUp" finished-at="2024-08-23T21:41:22 IST" duration-ms="6263" status="PASS">
          <reporter-output>
          </reporter-output>
        </test-method> <!-- setUp -->
        <test-method signature="testSignupLinkIsDisplayed()[pri:2, instance:com.quantum.LoginTestCases@34645867]" started-at="2024-08-23T21:41:22 IST" name="testSignupLinkIsDisplayed" finished-at="2024-08-23T21:41:28 IST" duration-ms="6105" status="PASS">
          <reporter-output>
          </reporter-output>
        </test-method> <!-- testSignupLinkIsDisplayed -->
        <test-method is-config="true" signature="teardown()[pri:0, instance:com.quantum.LoginTestCases@34645867]" started-at="2024-08-23T21:41:28 IST" name="teardown" finished-at="2024-08-23T21:41:29 IST" duration-ms="336" status="PASS">
          <reporter-output>
          </reporter-output>
        </test-method> <!-- teardown -->
        <test-method is-config="true" signature="setUp()[pri:0, instance:com.quantum.LoginTestCases@34645867]" started-at="2024-08-23T21:41:29 IST" name="setUp" finished-at="2024-08-23T21:41:33 IST" duration-ms="4864" status="PASS">
          <reporter-output>
          </reporter-output>
        </test-method> <!-- setUp -->
        <test-method signature="testLoginLinkNavigatesToLoginPage()[pri:3, instance:com.quantum.LoginTestCases@34645867]" started-at="2024-08-23T21:41:33 IST" name="testLoginLinkNavigatesToLoginPage" finished-at="2024-08-23T21:41:43 IST" duration-ms="9261" status="PASS">
          <reporter-output>
          </reporter-output>
        </test-method> <!-- testLoginLinkNavigatesToLoginPage -->
        <test-method is-config="true" signature="teardown()[pri:0, instance:com.quantum.LoginTestCases@34645867]" started-at="2024-08-23T21:41:43 IST" name="teardown" finished-at="2024-08-23T21:41:44 IST" duration-ms="1055" status="PASS">
          <reporter-output>
          </reporter-output>
        </test-method> <!-- teardown -->
        <test-method is-config="true" signature="setUp()[pri:0, instance:com.quantum.LoginTestCases@34645867]" started-at="2024-08-23T21:41:44 IST" name="setUp" finished-at="2024-08-23T21:41:47 IST" duration-ms="2912" status="PASS">
          <reporter-output>
          </reporter-output>
        </test-method> <!-- setUp -->
        <test-method signature="testSignupLinkNavigatesToSignupPage()[pri:4, instance:com.quantum.LoginTestCases@34645867]" started-at="2024-08-23T21:41:47 IST" name="testSignupLinkNavigatesToSignupPage" finished-at="2024-08-23T21:41:56 IST" duration-ms="9194" status="PASS">
          <reporter-output>
          </reporter-output>
        </test-method> <!-- testSignupLinkNavigatesToSignupPage -->
        <test-method is-config="true" signature="teardown()[pri:0, instance:com.quantum.LoginTestCases@34645867]" started-at="2024-08-23T21:41:56 IST" name="teardown" finished-at="2024-08-23T21:41:56 IST" duration-ms="646" status="PASS">
          <reporter-output>
          </reporter-output>
        </test-method> <!-- teardown -->
        <test-method is-config="true" signature="setUp()[pri:0, instance:com.quantum.LoginTestCases@34645867]" started-at="2024-08-23T21:41:56 IST" name="setUp" finished-at="2024-08-23T21:42:01 IST" duration-ms="5006" status="PASS">
          <reporter-output>
          </reporter-output>
        </test-method> <!-- setUp -->
        <test-method signature="testPageTitle()[pri:5, instance:com.quantum.LoginTestCases@34645867]" started-at="2024-08-23T21:42:01 IST" name="testPageTitle" finished-at="2024-08-23T21:42:07 IST" duration-ms="6021" status="FAIL">
          <exception class="java.lang.AssertionError">
            <message>
              <![CDATA[Cannatrader expected:<Cannatrader> but was:<Page title does not match!>]]>
            </message>
            <full-stacktrace>
              <![CDATA[java.lang.AssertionError: Cannatrader expected:<Cannatrader> but was:<Page title does not match!>
at org.testng.AssertJUnit.assertEquals(AssertJUnit.java:115)
at com.quantum.LoginTestCases.testPageTitle(LoginTestCases.java:84)
at java.base/jdk.internal.reflect.DirectMethodHandleAccessor.invoke(DirectMethodHandleAccessor.java:103)
at java.base/java.lang.reflect.Method.invoke(Method.java:580)
at org.testng.internal.invokers.MethodInvocationHelper.invokeMethod(MethodInvocationHelper.java:139)
at org.testng.internal.invokers.TestInvoker.invokeMethod(TestInvoker.java:664)
at org.testng.internal.invokers.TestInvoker.invokeTestMethod(TestInvoker.java:227)
at org.testng.internal.invokers.MethodRunner.runInSequence(MethodRunner.java:50)
at org.testng.internal.invokers.TestInvoker$MethodInvocationAgent.invoke(TestInvoker.java:957)
at org.testng.internal.invokers.TestInvoker.invokeTestMethods(TestInvoker.java:200)
at org.testng.internal.invokers.TestMethodWorker.invokeTestMethods(TestMethodWorker.java:148)
at org.testng.internal.invokers.TestMethodWorker.run(TestMethodWorker.java:128)
at java.base/java.util.ArrayList.forEach(ArrayList.java:1596)
at org.testng.TestRunner.privateRun(TestRunner.java:848)
at org.testng.TestRunner.run(TestRunner.java:621)
at org.testng.SuiteRunner.runTest(SuiteRunner.java:443)
at org.testng.SuiteRunner.runSequentially(SuiteRunner.java:437)
at org.testng.SuiteRunner.privateRun(SuiteRunner.java:397)
at org.testng.SuiteRunner.run(SuiteRunner.java:336)
at org.testng.SuiteRunnerWorker.runSuite(SuiteRunnerWorker.java:52)
at org.testng.SuiteRunnerWorker.run(SuiteRunnerWorker.java:95)
at org.testng.TestNG.runSuitesSequentially(TestNG.java:1280)
at org.testng.TestNG.runSuitesLocally(TestNG.java:1200)
at org.testng.TestNG.runSuites(TestNG.java:1114)
at org.testng.TestNG.run(TestNG.java:1082)
at org.testng.remote.AbstractRemoteTestNG.run(AbstractRemoteTestNG.java:115)
at org.testng.remote.RemoteTestNG.initAndRun(RemoteTestNG.java:293)
at org.testng.remote.RemoteTestNG.main(RemoteTestNG.java:91)
]]>
            </full-stacktrace>
          </exception> <!-- java.lang.AssertionError -->
          <reporter-output>
          </reporter-output>
        </test-method> <!-- testPageTitle -->
        <test-method is-config="true" signature="teardown()[pri:0, instance:com.quantum.LoginTestCases@34645867]" started-at="2024-08-23T21:42:07 IST" name="teardown" finished-at="2024-08-23T21:42:08 IST" duration-ms="272" status="PASS">
          <reporter-output>
          </reporter-output>
        </test-method> <!-- teardown -->
        <test-method is-config="true" signature="setUp()[pri:0, instance:com.quantum.LoginTestCases@34645867]" started-at="2024-08-23T21:42:08 IST" name="setUp" finished-at="2024-08-23T21:42:11 IST" duration-ms="3659" status="PASS">
          <reporter-output>
          </reporter-output>
        </test-method> <!-- setUp -->
        <test-method signature="testEmailFieldPresence()[pri:6, instance:com.quantum.LoginTestCases@34645867]" started-at="2024-08-23T21:42:11 IST" name="testEmailFieldPresence" finished-at="2024-08-23T21:42:12 IST" duration-ms="376" status="PASS">
          <reporter-output>
          </reporter-output>
        </test-method> <!-- testEmailFieldPresence -->
        <test-method is-config="true" signature="teardown()[pri:0, instance:com.quantum.LoginTestCases@34645867]" started-at="2024-08-23T21:42:12 IST" name="teardown" finished-at="2024-08-23T21:42:12 IST" duration-ms="673" status="PASS">
          <reporter-output>
          </reporter-output>
        </test-method> <!-- teardown -->
        <test-method is-config="true" signature="setUp()[pri:0, instance:com.quantum.LoginTestCases@34645867]" started-at="2024-08-23T21:42:12 IST" name="setUp" finished-at="2024-08-23T21:42:15 IST" duration-ms="2395" status="PASS">
          <reporter-output>
          </reporter-output>
        </test-method> <!-- setUp -->
        <test-method signature="testPasswordFieldPresence()[pri:7, instance:com.quantum.LoginTestCases@34645867]" started-at="2024-08-23T21:42:15 IST" name="testPasswordFieldPresence" finished-at="2024-08-23T21:42:15 IST" duration-ms="466" status="PASS">
          <reporter-output>
          </reporter-output>
        </test-method> <!-- testPasswordFieldPresence -->
        <test-method is-config="true" signature="teardown()[pri:0, instance:com.quantum.LoginTestCases@34645867]" started-at="2024-08-23T21:42:15 IST" name="teardown" finished-at="2024-08-23T21:42:16 IST" duration-ms="926" status="PASS">
          <reporter-output>
          </reporter-output>
        </test-method> <!-- teardown -->
        <test-method is-config="true" signature="setUp()[pri:0, instance:com.quantum.LoginTestCases@34645867]" started-at="2024-08-23T21:42:16 IST" name="setUp" finished-at="2024-08-23T21:42:21 IST" duration-ms="4374" status="PASS">
          <reporter-output>
          </reporter-output>
        </test-method> <!-- setUp -->
        <test-method signature="testForgotPasswordLink()[pri:8, instance:com.quantum.LoginTestCases@34645867]" started-at="2024-08-23T21:42:21 IST" name="testForgotPasswordLink" finished-at="2024-08-23T21:42:21 IST" duration-ms="387" status="PASS">
          <reporter-output>
          </reporter-output>
        </test-method> <!-- testForgotPasswordLink -->
        <test-method is-config="true" signature="teardown()[pri:0, instance:com.quantum.LoginTestCases@34645867]" started-at="2024-08-23T21:42:21 IST" name="teardown" finished-at="2024-08-23T21:42:22 IST" duration-ms="1119" status="PASS">
          <reporter-output>
          </reporter-output>
        </test-method> <!-- teardown -->
        <test-method is-config="true" signature="setUp()[pri:0, instance:com.quantum.LoginTestCases@34645867]" started-at="2024-08-23T21:42:22 IST" name="setUp" finished-at="2024-08-23T21:42:25 IST" duration-ms="2485" status="PASS">
          <reporter-output>
          </reporter-output>
        </test-method> <!-- setUp -->
        <test-method signature="testSignUpLink()[pri:9, instance:com.quantum.LoginTestCases@34645867]" started-at="2024-08-23T21:42:25 IST" name="testSignUpLink" finished-at="2024-08-23T21:42:25 IST" duration-ms="304" status="PASS">
          <reporter-output>
          </reporter-output>
        </test-method> <!-- testSignUpLink -->
        <test-method is-config="true" signature="teardown()[pri:0, instance:com.quantum.LoginTestCases@34645867]" started-at="2024-08-23T21:42:25 IST" name="teardown" finished-at="2024-08-23T21:42:26 IST" duration-ms="809" status="PASS">
          <reporter-output>
          </reporter-output>
        </test-method> <!-- teardown -->
        <test-method is-config="true" signature="setUp()[pri:0, instance:com.quantum.LoginTestCases@34645867]" started-at="2024-08-23T21:42:26 IST" name="setUp" finished-at="2024-08-23T21:42:31 IST" duration-ms="4959" status="PASS">
          <reporter-output>
          </reporter-output>
        </test-method> <!-- setUp -->
        <test-method signature="testEmailFieldAcceptsInput()[pri:10, instance:com.quantum.LoginTestCases@34645867]" started-at="2024-08-23T21:42:31 IST" name="testEmailFieldAcceptsInput" finished-at="2024-08-23T21:42:34 IST" duration-ms="3714" status="FAIL">
          <exception class="java.lang.AssertionError">
            <message>
              <![CDATA[test@example.com expected:<test@example.com> but was:<Email input is not accepted!>]]>
            </message>
            <full-stacktrace>
              <![CDATA[java.lang.AssertionError: test@example.com expected:<test@example.com> but was:<Email input is not accepted!>
at org.testng.AssertJUnit.assertEquals(AssertJUnit.java:115)
at com.quantum.LoginTestCases.testEmailFieldAcceptsInput(LoginTestCases.java:129)
at java.base/jdk.internal.reflect.DirectMethodHandleAccessor.invoke(DirectMethodHandleAccessor.java:103)
at java.base/java.lang.reflect.Method.invoke(Method.java:580)
at org.testng.internal.invokers.MethodInvocationHelper.invokeMethod(MethodInvocationHelper.java:139)
at org.testng.internal.invokers.TestInvoker.invokeMethod(TestInvoker.java:664)
at org.testng.internal.invokers.TestInvoker.invokeTestMethod(TestInvoker.java:227)
at org.testng.internal.invokers.MethodRunner.runInSequence(MethodRunner.java:50)
at org.testng.internal.invokers.TestInvoker$MethodInvocationAgent.invoke(TestInvoker.java:957)
at org.testng.internal.invokers.TestInvoker.invokeTestMethods(TestInvoker.java:200)
at org.testng.internal.invokers.TestMethodWorker.invokeTestMethods(TestMethodWorker.java:148)
at org.testng.internal.invokers.TestMethodWorker.run(TestMethodWorker.java:128)
at java.base/java.util.ArrayList.forEach(ArrayList.java:1596)
at org.testng.TestRunner.privateRun(TestRunner.java:848)
at org.testng.TestRunner.run(TestRunner.java:621)
at org.testng.SuiteRunner.runTest(SuiteRunner.java:443)
at org.testng.SuiteRunner.runSequentially(SuiteRunner.java:437)
at org.testng.SuiteRunner.privateRun(SuiteRunner.java:397)
at org.testng.SuiteRunner.run(SuiteRunner.java:336)
at org.testng.SuiteRunnerWorker.runSuite(SuiteRunnerWorker.java:52)
at org.testng.SuiteRunnerWorker.run(SuiteRunnerWorker.java:95)
at org.testng.TestNG.runSuitesSequentially(TestNG.java:1280)
at org.testng.TestNG.runSuitesLocally(TestNG.java:1200)
at org.testng.TestNG.runSuites(TestNG.java:1114)
at org.testng.TestNG.run(TestNG.java:1082)
at org.testng.remote.AbstractRemoteTestNG.run(AbstractRemoteTestNG.java:115)
at org.testng.remote.RemoteTestNG.initAndRun(RemoteTestNG.java:293)
at org.testng.remote.RemoteTestNG.main(RemoteTestNG.java:91)
]]>
            </full-stacktrace>
          </exception> <!-- java.lang.AssertionError -->
          <reporter-output>
          </reporter-output>
        </test-method> <!-- testEmailFieldAcceptsInput -->
        <test-method is-config="true" signature="teardown()[pri:0, instance:com.quantum.LoginTestCases@34645867]" started-at="2024-08-23T21:42:34 IST" name="teardown" finished-at="2024-08-23T21:42:35 IST" duration-ms="1021" status="PASS">
          <reporter-output>
          </reporter-output>
        </test-method> <!-- teardown -->
        <test-method is-config="true" signature="setUp()[pri:0, instance:com.quantum.LoginTestCases@34645867]" started-at="2024-08-23T21:42:35 IST" name="setUp" finished-at="2024-08-23T21:42:42 IST" duration-ms="6875" status="PASS">
          <reporter-output>
          </reporter-output>
        </test-method> <!-- setUp -->
        <test-method signature="testPasswordFieldAcceptsInput()[pri:11, instance:com.quantum.LoginTestCases@34645867]" started-at="2024-08-23T21:42:42 IST" name="testPasswordFieldAcceptsInput" finished-at="2024-08-23T21:42:46 IST" duration-ms="3526" status="FAIL">
          <exception class="java.lang.AssertionError">
            <message>
              <![CDATA[password123 expected:<password123> but was:<Password input is not accepted!>]]>
            </message>
            <full-stacktrace>
              <![CDATA[java.lang.AssertionError: password123 expected:<password123> but was:<Password input is not accepted!>
at org.testng.AssertJUnit.assertEquals(AssertJUnit.java:115)
at com.quantum.LoginTestCases.testPasswordFieldAcceptsInput(LoginTestCases.java:140)
at java.base/jdk.internal.reflect.DirectMethodHandleAccessor.invoke(DirectMethodHandleAccessor.java:103)
at java.base/java.lang.reflect.Method.invoke(Method.java:580)
at org.testng.internal.invokers.MethodInvocationHelper.invokeMethod(MethodInvocationHelper.java:139)
at org.testng.internal.invokers.TestInvoker.invokeMethod(TestInvoker.java:664)
at org.testng.internal.invokers.TestInvoker.invokeTestMethod(TestInvoker.java:227)
at org.testng.internal.invokers.MethodRunner.runInSequence(MethodRunner.java:50)
at org.testng.internal.invokers.TestInvoker$MethodInvocationAgent.invoke(TestInvoker.java:957)
at org.testng.internal.invokers.TestInvoker.invokeTestMethods(TestInvoker.java:200)
at org.testng.internal.invokers.TestMethodWorker.invokeTestMethods(TestMethodWorker.java:148)
at org.testng.internal.invokers.TestMethodWorker.run(TestMethodWorker.java:128)
at java.base/java.util.ArrayList.forEach(ArrayList.java:1596)
at org.testng.TestRunner.privateRun(TestRunner.java:848)
at org.testng.TestRunner.run(TestRunner.java:621)
at org.testng.SuiteRunner.runTest(SuiteRunner.java:443)
at org.testng.SuiteRunner.runSequentially(SuiteRunner.java:437)
at org.testng.SuiteRunner.privateRun(SuiteRunner.java:397)
at org.testng.SuiteRunner.run(SuiteRunner.java:336)
at org.testng.SuiteRunnerWorker.runSuite(SuiteRunnerWorker.java:52)
at org.testng.SuiteRunnerWorker.run(SuiteRunnerWorker.java:95)
at org.testng.TestNG.runSuitesSequentially(TestNG.java:1280)
at org.testng.TestNG.runSuitesLocally(TestNG.java:1200)
at org.testng.TestNG.runSuites(TestNG.java:1114)
at org.testng.TestNG.run(TestNG.java:1082)
at org.testng.remote.AbstractRemoteTestNG.run(AbstractRemoteTestNG.java:115)
at org.testng.remote.RemoteTestNG.initAndRun(RemoteTestNG.java:293)
at org.testng.remote.RemoteTestNG.main(RemoteTestNG.java:91)
]]>
            </full-stacktrace>
          </exception> <!-- java.lang.AssertionError -->
          <reporter-output>
          </reporter-output>
        </test-method> <!-- testPasswordFieldAcceptsInput -->
        <test-method is-config="true" signature="teardown()[pri:0, instance:com.quantum.LoginTestCases@34645867]" started-at="2024-08-23T21:42:46 IST" name="teardown" finished-at="2024-08-23T21:42:47 IST" duration-ms="1428" status="PASS">
          <reporter-output>
          </reporter-output>
        </test-method> <!-- teardown -->
        <test-method is-config="true" signature="setUp()[pri:0, instance:com.quantum.LoginTestCases@34645867]" started-at="2024-08-23T21:42:47 IST" name="setUp" finished-at="2024-08-23T21:42:52 IST" duration-ms="4521" status="PASS">
          <reporter-output>
          </reporter-output>
        </test-method> <!-- setUp -->
        <test-method signature="testEmailFieldPlaceholder()[pri:12, instance:com.quantum.LoginTestCases@34645867]" started-at="2024-08-23T21:42:52 IST" name="testEmailFieldPlaceholder" finished-at="2024-08-23T21:42:52 IST" duration-ms="296" status="PASS">
          <reporter-output>
          </reporter-output>
        </test-method> <!-- testEmailFieldPlaceholder -->
        <test-method is-config="true" signature="teardown()[pri:0, instance:com.quantum.LoginTestCases@34645867]" started-at="2024-08-23T21:42:52 IST" name="teardown" finished-at="2024-08-23T21:42:54 IST" duration-ms="1728" status="PASS">
          <reporter-output>
          </reporter-output>
        </test-method> <!-- teardown -->
        <test-method is-config="true" signature="setUp()[pri:0, instance:com.quantum.LoginTestCases@34645867]" started-at="2024-08-23T21:42:54 IST" name="setUp" finished-at="2024-08-23T21:42:57 IST" duration-ms="2973" status="PASS">
          <reporter-output>
          </reporter-output>
        </test-method> <!-- setUp -->
        <test-method signature="testPasswordFieldPlaceholder()[pri:13, instance:com.quantum.LoginTestCases@34645867]" started-at="2024-08-23T21:42:57 IST" name="testPasswordFieldPlaceholder" finished-at="2024-08-23T21:42:57 IST" duration-ms="499" status="PASS">
          <reporter-output>
          </reporter-output>
        </test-method> <!-- testPasswordFieldPlaceholder -->
        <test-method is-config="true" signature="teardown()[pri:0, instance:com.quantum.LoginTestCases@34645867]" started-at="2024-08-23T21:42:57 IST" name="teardown" finished-at="2024-08-23T21:42:59 IST" duration-ms="1875" status="PASS">
          <reporter-output>
          </reporter-output>
        </test-method> <!-- teardown -->
        <test-method is-config="true" signature="setUp()[pri:0, instance:com.quantum.LoginTestCases@34645867]" started-at="2024-08-23T21:42:59 IST" name="setUp" finished-at="2024-08-23T21:43:03 IST" duration-ms="3582" status="PASS">
          <reporter-output>
          </reporter-output>
        </test-method> <!-- setUp -->
        <test-method signature="Loginwithinvalidcred()[pri:14, instance:com.quantum.LoginTestCases@34645867]" started-at="2024-08-23T21:43:03 IST" name="Loginwithinvalidcred" finished-at="2024-08-23T21:43:10 IST" duration-ms="6937" status="PASS">
          <reporter-output>
          </reporter-output>
        </test-method> <!-- Loginwithinvalidcred -->
        <test-method is-config="true" signature="teardown()[pri:0, instance:com.quantum.LoginTestCases@34645867]" started-at="2024-08-23T21:43:10 IST" name="teardown" finished-at="2024-08-23T21:43:10 IST" duration-ms="406" status="PASS">
          <reporter-output>
          </reporter-output>
        </test-method> <!-- teardown -->
        <test-method is-config="true" signature="setUp()[pri:0, instance:com.quantum.LoginTestCases@34645867]" started-at="2024-08-23T21:43:10 IST" name="setUp" finished-at="2024-08-23T21:43:13 IST" duration-ms="3205" status="PASS">
          <reporter-output>
          </reporter-output>
        </test-method> <!-- setUp -->
        <test-method signature="SuccessfulLogin()[pri:14, instance:com.quantum.LoginTestCases@34645867]" started-at="2024-08-23T21:43:13 IST" name="SuccessfulLogin" finished-at="2024-08-23T21:43:27 IST" duration-ms="13369" status="PASS">
          <reporter-output>
          </reporter-output>
        </test-method> <!-- SuccessfulLogin -->
        <test-method is-config="true" signature="teardown()[pri:0, instance:com.quantum.LoginTestCases@34645867]" started-at="2024-08-23T21:43:27 IST" name="teardown" finished-at="2024-08-23T21:43:29 IST" duration-ms="2454" status="PASS">
          <reporter-output>
          </reporter-output>
        </test-method> <!-- teardown -->
      </class> <!-- com.quantum.LoginTestCases -->
    </test> <!-- Test -->
  </suite> <!-- Suite -->
</testng-results>
